mode: set
resizer/helper/helper.go:24.35,53.26 10 1
resizer/helper/helper.go:101.2,101.16 1 1
resizer/helper/helper.go:105.2,105.99 1 1
resizer/helper/helper.go:53.26,55.29 1 1
resizer/helper/helper.go:66.3,66.29 1 1
resizer/helper/helper.go:77.3,77.29 1 1
resizer/helper/helper.go:84.3,84.29 1 1
resizer/helper/helper.go:55.29,58.25 2 1
resizer/helper/helper.go:61.4,61.25 1 1
resizer/helper/helper.go:58.25,60.5 1 1
resizer/helper/helper.go:61.25,63.5 1 1
resizer/helper/helper.go:66.29,69.25 2 1
resizer/helper/helper.go:72.4,72.25 1 1
resizer/helper/helper.go:69.25,71.5 1 1
resizer/helper/helper.go:72.25,74.5 1 1
resizer/helper/helper.go:77.29,79.28 2 1
resizer/helper/helper.go:79.28,81.5 1 1
resizer/helper/helper.go:84.29,87.22 2 1
resizer/helper/helper.go:88.5,89.16 1 1
resizer/helper/helper.go:90.5,91.16 1 0
resizer/helper/helper.go:92.5,93.16 1 0
resizer/helper/helper.go:94.5,95.19 1 0
resizer/helper/helper.go:101.16,103.3 1 0
resizer/helper/helper.go:108.38,109.13 1 1
resizer/helper/helper.go:120.2,120.11 1 1
resizer/helper/helper.go:110.2,111.22 1 1
resizer/helper/helper.go:112.2,113.21 1 1
resizer/helper/helper.go:114.2,115.22 1 1
resizer/helper/helper.go:117.2,118.22 1 1
resizer/helper/helper.go:123.37,127.2 3 1
resizer/helper/helper.go:129.38,133.2 3 0
