mode: set
resizer/include/cache/cache.go:11.47,15.36 1 1
resizer/include/cache/cache.go:15.36,17.18 2 1
resizer/include/cache/cache.go:25.4,25.17 1 1
resizer/include/cache/cache.go:17.18,19.5 1 0
resizer/include/cache/cache.go:27.55,30.4 2 1
resizer/include/cache/cache.go:39.14,41.2 1 1
resizer/include/cache/cache.go:43.35,45.2 1 0
resizer/include/cache/cache.go:47.30,52.2 4 1
resizer/include/cache/cache.go:54.38,59.2 4 1
resizer/include/cache/cache.go:62.29,66.2 3 0
resizer/include/cache/cache.go:69.42,73.16 4 1
resizer/include/cache/cache.go:73.16,77.3 3 0
resizer/include/cache/cache.go:77.3,80.3 2 1
resizer/include/cache/cache.go:84.37,90.16 4 1
resizer/include/cache/cache.go:93.2,93.10 1 1
resizer/include/cache/cache.go:90.16,92.3 1 0
resizer/include/cache/cache.go:97.43,103.16 4 1
resizer/include/cache/cache.go:107.2,107.15 1 1
resizer/include/cache/cache.go:103.16,105.3 1 0
resizer/include/cache/cache.go:110.36,118.16 5 1
resizer/include/cache/cache.go:122.2,124.15 2 1
resizer/include/cache/cache.go:118.16,120.3 1 0
resizer/include/cache/cache.go:128.36,132.16 4 1
resizer/include/cache/cache.go:132.16,136.3 3 0
resizer/include/cache/cache.go:136.3,139.3 2 1
resizer/include/cache/cache.go:143.28,147.16 4 1
resizer/include/cache/cache.go:147.16,151.3 3 0
resizer/include/cache/cache.go:151.3,154.3 2 1
resizer/include/cache/cache.go:158.31,163.16 4 1
resizer/include/cache/cache.go:166.2,166.10 1 1
resizer/include/cache/cache.go:163.16,165.3 1 0
